{"uuid":"1106dd26-b943-4a4e-b890-911cf461b850","historyId":"b570b12548e51bde110995b8b1e7cb7c","fullName":"User is logged into DS-Algo page and checking the DataStructures module: The User is able to run code with invalid syntax in tryEditor","labels":[{"name":"tag","value":"tag"},{"name":"host","value":"VidyuthHP"},{"name":"thread","value":"31812@VidyuthHP.main(1)"},{"name":"feature","value":"User is logged into DS-Algo page and checking the DataStructures module"},{"name":"story","value":"The User is able to run code with invalid syntax in tryEditor"},{"name":"suite","value":"User is logged into DS-Algo page and checking the DataStructures module"},{"name":"testClass","value":"The User is able to run code with invalid syntax in tryEditor"},{"name":"framework","value":"cucumber4jvm"},{"name":"language","value":"java"},{"name":"gherkin_uri","value":"file:///C:/Users/ashok/git/DS-ALGOPROJECT_MAIN/DS_ALGO_PROJECT/src/test/resources/feature/03_DataStructuresPageFeature.feature"},{"name":"package","value":"src.test.resources.feature.03_DataStructuresPageFeature_feature.User is logged into DS-Algo page and checking the DataStructures module"}],"links":[],"name":"The User is able to run code with invalid syntax in tryEditor","status":"broken","statusDetails":{"known":false,"muted":false,"flaky":false,"message":"no such window: target window already closed\nfrom unknown error: web view not found\n  (Session info: chrome=115.0.5790.171)\nBuild info: version: '4.10.0', revision: 'c14d967899'\nSystem info: os.name: 'Windows 11', os.arch: 'amd64', os.version: '10.0', java.version: '20.0.1'\nDriver info: org.openqa.selenium.chrome.ChromeDriver\nCommand: [7863fb2435b59e639ab5851bbfba2bde, get {url=https://dsportalapp.herokuapp.com/tryEditor}]\nCapabilities {acceptInsecureCerts: false, browserName: chrome, browserVersion: 115.0.5790.171, chrome: {chromedriverVersion: 114.0.5735.90 (386bc09e8f4f..., userDataDir: C:\\Users\\ashok\\AppData\\Loca...}, goog:chromeOptions: {debuggerAddress: localhost:59625}, networkConnectionEnabled: false, pageLoadStrategy: normal, platformName: windows, proxy: Proxy(), se:cdp: ws://localhost:59625/devtoo..., se:cdpVersion: 115.0.5790.171, setWindowRect: true, strictFileInteractability: false, timeouts: {implicit: 0, pageLoad: 300000, script: 30000}, unhandledPromptBehavior: dismiss and notify, webauthn:extension:credBlob: true, webauthn:extension:largeBlob: true, webauthn:extension:minPinLength: true, webauthn:extension:prf: true, webauthn:virtualAuthenticators: true}\nSession ID: 7863fb2435b59e639ab5851bbfba2bde","trace":"org.openqa.selenium.NoSuchWindowException: no such window: target window already closed\nfrom unknown error: web view not found\n  (Session info: chrome=115.0.5790.171)\nBuild info: version: '4.10.0', revision: 'c14d967899'\nSystem info: os.name: 'Windows 11', os.arch: 'amd64', os.version: '10.0', java.version: '20.0.1'\nDriver info: org.openqa.selenium.chrome.ChromeDriver\nCommand: [7863fb2435b59e639ab5851bbfba2bde, get {url=https://dsportalapp.herokuapp.com/tryEditor}]\nCapabilities {acceptInsecureCerts: false, browserName: chrome, browserVersion: 115.0.5790.171, chrome: {chromedriverVersion: 114.0.5735.90 (386bc09e8f4f..., userDataDir: C:\\Users\\ashok\\AppData\\Loca...}, goog:chromeOptions: {debuggerAddress: localhost:59625}, networkConnectionEnabled: false, pageLoadStrategy: normal, platformName: windows, proxy: Proxy(), se:cdp: ws://localhost:59625/devtoo..., se:cdpVersion: 115.0.5790.171, setWindowRect: true, strictFileInteractability: false, timeouts: {implicit: 0, pageLoad: 300000, script: 30000}, unhandledPromptBehavior: dismiss and notify, webauthn:extension:credBlob: true, webauthn:extension:largeBlob: true, webauthn:extension:minPinLength: true, webauthn:extension:prf: true, webauthn:virtualAuthenticators: true}\nSession ID: 7863fb2435b59e639ab5851bbfba2bde\r\n\tat java.base/jdk.internal.reflect.DirectConstructorHandleAccessor.newInstance(DirectConstructorHandleAccessor.java:67)\r\n\tat java.base/java.lang.reflect.Constructor.newInstanceWithCaller(Constructor.java:500)\r\n\tat java.base/java.lang.reflect.Constructor.newInstance(Constructor.java:484)\r\n\tat org.openqa.selenium.remote.codec.w3c.W3CHttpResponseCodec.createException(W3CHttpResponseCodec.java:199)\r\n\tat org.openqa.selenium.remote.codec.w3c.W3CHttpResponseCodec.decode(W3CHttpResponseCodec.java:132)\r\n\tat org.openqa.selenium.remote.codec.w3c.W3CHttpResponseCodec.decode(W3CHttpResponseCodec.java:51)\r\n\tat org.openqa.selenium.remote.HttpCommandExecutor.execute(HttpCommandExecutor.java:191)\r\n\tat org.openqa.selenium.remote.service.DriverCommandExecutor.invokeExecute(DriverCommandExecutor.java:196)\r\n\tat org.openqa.selenium.remote.service.DriverCommandExecutor.execute(DriverCommandExecutor.java:171)\r\n\tat org.openqa.selenium.remote.RemoteWebDriver.execute(RemoteWebDriver.java:531)\r\n\tat org.openqa.selenium.remote.RemoteWebDriver.get(RemoteWebDriver.java:295)\r\n\tat com.dsalgoproject.pageobjects.DataStructuresPage_PageObject.clickRunTryEditor(DataStructuresPage_PageObject.java:136)\r\n\tat com.dsalgoproject.stepdefinitions.DataStructuresPage_StepDefinitions.the_user_is_in_a_page_having_a_try_editor_with_a_run_button_to_test(DataStructuresPage_StepDefinitions.java:109)\r\n\tat ✽.The user is in a page having a tryEditor with a Run button to test(file:///C:/Users/ashok/git/DS-ALGOPROJECT_MAIN/DS_ALGO_PROJECT/src/test/resources/feature/03_DataStructuresPageFeature.feature:51)\r\n"},"stage":"finished","steps":[{"name":"Given  The user is in a page having a tryEditor with a Run button to test","status":"broken","statusDetails":{"known":false,"muted":false,"flaky":false,"message":"no such window: target window already closed\nfrom unknown error: web view not found\n  (Session info: chrome=115.0.5790.171)\nBuild info: version: '4.10.0', revision: 'c14d967899'\nSystem info: os.name: 'Windows 11', os.arch: 'amd64', os.version: '10.0', java.version: '20.0.1'\nDriver info: org.openqa.selenium.chrome.ChromeDriver\nCommand: [7863fb2435b59e639ab5851bbfba2bde, get {url=https://dsportalapp.herokuapp.com/tryEditor}]\nCapabilities {acceptInsecureCerts: false, browserName: chrome, browserVersion: 115.0.5790.171, chrome: {chromedriverVersion: 114.0.5735.90 (386bc09e8f4f..., userDataDir: C:\\Users\\ashok\\AppData\\Loca...}, goog:chromeOptions: {debuggerAddress: localhost:59625}, networkConnectionEnabled: false, pageLoadStrategy: normal, platformName: windows, proxy: Proxy(), se:cdp: ws://localhost:59625/devtoo..., se:cdpVersion: 115.0.5790.171, setWindowRect: true, strictFileInteractability: false, timeouts: {implicit: 0, pageLoad: 300000, script: 30000}, unhandledPromptBehavior: dismiss and notify, webauthn:extension:credBlob: true, webauthn:extension:largeBlob: true, webauthn:extension:minPinLength: true, webauthn:extension:prf: true, webauthn:virtualAuthenticators: true}\nSession ID: 7863fb2435b59e639ab5851bbfba2bde","trace":"org.openqa.selenium.NoSuchWindowException: no such window: target window already closed\nfrom unknown error: web view not found\n  (Session info: chrome=115.0.5790.171)\nBuild info: version: '4.10.0', revision: 'c14d967899'\nSystem info: os.name: 'Windows 11', os.arch: 'amd64', os.version: '10.0', java.version: '20.0.1'\nDriver info: org.openqa.selenium.chrome.ChromeDriver\nCommand: [7863fb2435b59e639ab5851bbfba2bde, get {url=https://dsportalapp.herokuapp.com/tryEditor}]\nCapabilities {acceptInsecureCerts: false, browserName: chrome, browserVersion: 115.0.5790.171, chrome: {chromedriverVersion: 114.0.5735.90 (386bc09e8f4f..., userDataDir: C:\\Users\\ashok\\AppData\\Loca...}, goog:chromeOptions: {debuggerAddress: localhost:59625}, networkConnectionEnabled: false, pageLoadStrategy: normal, platformName: windows, proxy: Proxy(), se:cdp: ws://localhost:59625/devtoo..., se:cdpVersion: 115.0.5790.171, setWindowRect: true, strictFileInteractability: false, timeouts: {implicit: 0, pageLoad: 300000, script: 30000}, unhandledPromptBehavior: dismiss and notify, webauthn:extension:credBlob: true, webauthn:extension:largeBlob: true, webauthn:extension:minPinLength: true, webauthn:extension:prf: true, webauthn:virtualAuthenticators: true}\nSession ID: 7863fb2435b59e639ab5851bbfba2bde\r\n\tat java.base/jdk.internal.reflect.DirectConstructorHandleAccessor.newInstance(DirectConstructorHandleAccessor.java:67)\r\n\tat java.base/java.lang.reflect.Constructor.newInstanceWithCaller(Constructor.java:500)\r\n\tat java.base/java.lang.reflect.Constructor.newInstance(Constructor.java:484)\r\n\tat org.openqa.selenium.remote.codec.w3c.W3CHttpResponseCodec.createException(W3CHttpResponseCodec.java:199)\r\n\tat org.openqa.selenium.remote.codec.w3c.W3CHttpResponseCodec.decode(W3CHttpResponseCodec.java:132)\r\n\tat org.openqa.selenium.remote.codec.w3c.W3CHttpResponseCodec.decode(W3CHttpResponseCodec.java:51)\r\n\tat org.openqa.selenium.remote.HttpCommandExecutor.execute(HttpCommandExecutor.java:191)\r\n\tat org.openqa.selenium.remote.service.DriverCommandExecutor.invokeExecute(DriverCommandExecutor.java:196)\r\n\tat org.openqa.selenium.remote.service.DriverCommandExecutor.execute(DriverCommandExecutor.java:171)\r\n\tat org.openqa.selenium.remote.RemoteWebDriver.execute(RemoteWebDriver.java:531)\r\n\tat org.openqa.selenium.remote.RemoteWebDriver.get(RemoteWebDriver.java:295)\r\n\tat com.dsalgoproject.pageobjects.DataStructuresPage_PageObject.clickRunTryEditor(DataStructuresPage_PageObject.java:136)\r\n\tat com.dsalgoproject.stepdefinitions.DataStructuresPage_StepDefinitions.the_user_is_in_a_page_having_a_try_editor_with_a_run_button_to_test(DataStructuresPage_StepDefinitions.java:109)\r\n\tat ✽.The user is in a page having a tryEditor with a Run button to test(file:///C:/Users/ashok/git/DS-ALGOPROJECT_MAIN/DS_ALGO_PROJECT/src/test/resources/feature/03_DataStructuresPageFeature.feature:51)\r\n"},"stage":"finished","steps":[],"attachments":[],"parameters":[],"start":1691786473851,"stop":1691786473854},{"name":"When  The user enter invalid python code in tryEditor from sheet \"DataStructures\" and 2","status":"skipped","statusDetails":{"known":false,"muted":false,"flaky":false},"stage":"finished","steps":[],"attachments":[],"parameters":[],"start":1691786473858,"stop":1691786473858},{"name":"Then  The user should be presented with the error message box","status":"skipped","statusDetails":{"known":false,"muted":false,"flaky":false},"stage":"finished","steps":[],"attachments":[],"parameters":[],"start":1691786473858,"stop":1691786473858}],"attachments":[],"parameters":[{"name":"SheetName","value":"DataStructures"},{"name":"RowNumber","value":"2"}],"start":1691786473849,"stop":1691786473859}