{"uuid":"922d5bb2-129b-4288-a0f0-8407f91ec881","historyId":"f7634fcb9d85c9616ccea5c08ae04fa5","fullName":"To test the Array Page: The user is in Array Practice Page and run invalid code for each examples","labels":[{"name":"tag","value":"tag"},{"name":"host","value":"VidyuthHP"},{"name":"thread","value":"31812@VidyuthHP.main(1)"},{"name":"feature","value":"To test the Array Page"},{"name":"story","value":"The user is in Array Practice Page and run invalid code for each examples"},{"name":"suite","value":"To test the Array Page"},{"name":"testClass","value":"The user is in Array Practice Page and run invalid code for each examples"},{"name":"framework","value":"cucumber4jvm"},{"name":"language","value":"java"},{"name":"gherkin_uri","value":"file:///C:/Users/ashok/git/DS-ALGOPROJECT_MAIN/DS_ALGO_PROJECT/src/test/resources/feature/04_ArrayPageFeature.feature"},{"name":"package","value":"src.test.resources.feature.04_ArrayPageFeature_feature.To test the Array Page"}],"links":[],"name":"The user is in Array Practice Page and run invalid code for each examples","status":"broken","statusDetails":{"known":false,"muted":false,"flaky":false,"message":"no such window: target window already closed\nfrom unknown error: web view not found\n  (Session info: chrome=115.0.5790.171)\nBuild info: version: '4.10.0', revision: 'c14d967899'\nSystem info: os.name: 'Windows 11', os.arch: 'amd64', os.version: '10.0', java.version: '20.0.1'\nDriver info: org.openqa.selenium.chrome.ChromeDriver\nCommand: [7863fb2435b59e639ab5851bbfba2bde, get {url=https://dsportalapp.herokuapp.com/array/practice}]\nCapabilities {acceptInsecureCerts: false, browserName: chrome, browserVersion: 115.0.5790.171, chrome: {chromedriverVersion: 114.0.5735.90 (386bc09e8f4f..., userDataDir: C:\\Users\\ashok\\AppData\\Loca...}, goog:chromeOptions: {debuggerAddress: localhost:59625}, networkConnectionEnabled: false, pageLoadStrategy: normal, platformName: windows, proxy: Proxy(), se:cdp: ws://localhost:59625/devtoo..., se:cdpVersion: 115.0.5790.171, setWindowRect: true, strictFileInteractability: false, timeouts: {implicit: 0, pageLoad: 300000, script: 30000}, unhandledPromptBehavior: dismiss and notify, webauthn:extension:credBlob: true, webauthn:extension:largeBlob: true, webauthn:extension:minPinLength: true, webauthn:extension:prf: true, webauthn:virtualAuthenticators: true}\nSession ID: 7863fb2435b59e639ab5851bbfba2bde","trace":"org.openqa.selenium.NoSuchWindowException: no such window: target window already closed\nfrom unknown error: web view not found\n  (Session info: chrome=115.0.5790.171)\nBuild info: version: '4.10.0', revision: 'c14d967899'\nSystem info: os.name: 'Windows 11', os.arch: 'amd64', os.version: '10.0', java.version: '20.0.1'\nDriver info: org.openqa.selenium.chrome.ChromeDriver\nCommand: [7863fb2435b59e639ab5851bbfba2bde, get {url=https://dsportalapp.herokuapp.com/array/practice}]\nCapabilities {acceptInsecureCerts: false, browserName: chrome, browserVersion: 115.0.5790.171, chrome: {chromedriverVersion: 114.0.5735.90 (386bc09e8f4f..., userDataDir: C:\\Users\\ashok\\AppData\\Loca...}, goog:chromeOptions: {debuggerAddress: localhost:59625}, networkConnectionEnabled: false, pageLoadStrategy: normal, platformName: windows, proxy: Proxy(), se:cdp: ws://localhost:59625/devtoo..., se:cdpVersion: 115.0.5790.171, setWindowRect: true, strictFileInteractability: false, timeouts: {implicit: 0, pageLoad: 300000, script: 30000}, unhandledPromptBehavior: dismiss and notify, webauthn:extension:credBlob: true, webauthn:extension:largeBlob: true, webauthn:extension:minPinLength: true, webauthn:extension:prf: true, webauthn:virtualAuthenticators: true}\nSession ID: 7863fb2435b59e639ab5851bbfba2bde\r\n\tat java.base/jdk.internal.reflect.DirectConstructorHandleAccessor.newInstance(DirectConstructorHandleAccessor.java:67)\r\n\tat java.base/java.lang.reflect.Constructor.newInstanceWithCaller(Constructor.java:500)\r\n\tat java.base/java.lang.reflect.Constructor.newInstance(Constructor.java:484)\r\n\tat org.openqa.selenium.remote.codec.w3c.W3CHttpResponseCodec.createException(W3CHttpResponseCodec.java:199)\r\n\tat org.openqa.selenium.remote.codec.w3c.W3CHttpResponseCodec.decode(W3CHttpResponseCodec.java:132)\r\n\tat org.openqa.selenium.remote.codec.w3c.W3CHttpResponseCodec.decode(W3CHttpResponseCodec.java:51)\r\n\tat org.openqa.selenium.remote.HttpCommandExecutor.execute(HttpCommandExecutor.java:191)\r\n\tat org.openqa.selenium.remote.service.DriverCommandExecutor.invokeExecute(DriverCommandExecutor.java:196)\r\n\tat org.openqa.selenium.remote.service.DriverCommandExecutor.execute(DriverCommandExecutor.java:171)\r\n\tat org.openqa.selenium.remote.RemoteWebDriver.execute(RemoteWebDriver.java:531)\r\n\tat org.openqa.selenium.remote.RemoteWebDriver.get(RemoteWebDriver.java:295)\r\n\tat com.dsalgoproject.pageobjects.ArrayPage_PageObject.goToPracticePage(ArrayPage_PageObject.java:148)\r\n\tat com.dsalgoproject.stepdefinitions.ArrayPage_StepDefinitions.the_user_is_in_practice_page_to_check_invalid_code_for_each_examples(ArrayPage_StepDefinitions.java:146)\r\n\tat ✽.The user is in Practice Page to check invalid code for each examples(file:///C:/Users/ashok/git/DS-ALGOPROJECT_MAIN/DS_ALGO_PROJECT/src/test/resources/feature/04_ArrayPageFeature.feature:81)\r\n"},"stage":"finished","steps":[{"name":"Given  The user is in Practice Page to check invalid code for each examples","status":"broken","statusDetails":{"known":false,"muted":false,"flaky":false,"message":"no such window: target window already closed\nfrom unknown error: web view not found\n  (Session info: chrome=115.0.5790.171)\nBuild info: version: '4.10.0', revision: 'c14d967899'\nSystem info: os.name: 'Windows 11', os.arch: 'amd64', os.version: '10.0', java.version: '20.0.1'\nDriver info: org.openqa.selenium.chrome.ChromeDriver\nCommand: [7863fb2435b59e639ab5851bbfba2bde, get {url=https://dsportalapp.herokuapp.com/array/practice}]\nCapabilities {acceptInsecureCerts: false, browserName: chrome, browserVersion: 115.0.5790.171, chrome: {chromedriverVersion: 114.0.5735.90 (386bc09e8f4f..., userDataDir: C:\\Users\\ashok\\AppData\\Loca...}, goog:chromeOptions: {debuggerAddress: localhost:59625}, networkConnectionEnabled: false, pageLoadStrategy: normal, platformName: windows, proxy: Proxy(), se:cdp: ws://localhost:59625/devtoo..., se:cdpVersion: 115.0.5790.171, setWindowRect: true, strictFileInteractability: false, timeouts: {implicit: 0, pageLoad: 300000, script: 30000}, unhandledPromptBehavior: dismiss and notify, webauthn:extension:credBlob: true, webauthn:extension:largeBlob: true, webauthn:extension:minPinLength: true, webauthn:extension:prf: true, webauthn:virtualAuthenticators: true}\nSession ID: 7863fb2435b59e639ab5851bbfba2bde","trace":"org.openqa.selenium.NoSuchWindowException: no such window: target window already closed\nfrom unknown error: web view not found\n  (Session info: chrome=115.0.5790.171)\nBuild info: version: '4.10.0', revision: 'c14d967899'\nSystem info: os.name: 'Windows 11', os.arch: 'amd64', os.version: '10.0', java.version: '20.0.1'\nDriver info: org.openqa.selenium.chrome.ChromeDriver\nCommand: [7863fb2435b59e639ab5851bbfba2bde, get {url=https://dsportalapp.herokuapp.com/array/practice}]\nCapabilities {acceptInsecureCerts: false, browserName: chrome, browserVersion: 115.0.5790.171, chrome: {chromedriverVersion: 114.0.5735.90 (386bc09e8f4f..., userDataDir: C:\\Users\\ashok\\AppData\\Loca...}, goog:chromeOptions: {debuggerAddress: localhost:59625}, networkConnectionEnabled: false, pageLoadStrategy: normal, platformName: windows, proxy: Proxy(), se:cdp: ws://localhost:59625/devtoo..., se:cdpVersion: 115.0.5790.171, setWindowRect: true, strictFileInteractability: false, timeouts: {implicit: 0, pageLoad: 300000, script: 30000}, unhandledPromptBehavior: dismiss and notify, webauthn:extension:credBlob: true, webauthn:extension:largeBlob: true, webauthn:extension:minPinLength: true, webauthn:extension:prf: true, webauthn:virtualAuthenticators: true}\nSession ID: 7863fb2435b59e639ab5851bbfba2bde\r\n\tat java.base/jdk.internal.reflect.DirectConstructorHandleAccessor.newInstance(DirectConstructorHandleAccessor.java:67)\r\n\tat java.base/java.lang.reflect.Constructor.newInstanceWithCaller(Constructor.java:500)\r\n\tat java.base/java.lang.reflect.Constructor.newInstance(Constructor.java:484)\r\n\tat org.openqa.selenium.remote.codec.w3c.W3CHttpResponseCodec.createException(W3CHttpResponseCodec.java:199)\r\n\tat org.openqa.selenium.remote.codec.w3c.W3CHttpResponseCodec.decode(W3CHttpResponseCodec.java:132)\r\n\tat org.openqa.selenium.remote.codec.w3c.W3CHttpResponseCodec.decode(W3CHttpResponseCodec.java:51)\r\n\tat org.openqa.selenium.remote.HttpCommandExecutor.execute(HttpCommandExecutor.java:191)\r\n\tat org.openqa.selenium.remote.service.DriverCommandExecutor.invokeExecute(DriverCommandExecutor.java:196)\r\n\tat org.openqa.selenium.remote.service.DriverCommandExecutor.execute(DriverCommandExecutor.java:171)\r\n\tat org.openqa.selenium.remote.RemoteWebDriver.execute(RemoteWebDriver.java:531)\r\n\tat org.openqa.selenium.remote.RemoteWebDriver.get(RemoteWebDriver.java:295)\r\n\tat com.dsalgoproject.pageobjects.ArrayPage_PageObject.goToPracticePage(ArrayPage_PageObject.java:148)\r\n\tat com.dsalgoproject.stepdefinitions.ArrayPage_StepDefinitions.the_user_is_in_practice_page_to_check_invalid_code_for_each_examples(ArrayPage_StepDefinitions.java:146)\r\n\tat ✽.The user is in Practice Page to check invalid code for each examples(file:///C:/Users/ashok/git/DS-ALGOPROJECT_MAIN/DS_ALGO_PROJECT/src/test/resources/feature/04_ArrayPageFeature.feature:81)\r\n"},"stage":"finished","steps":[],"attachments":[],"parameters":[],"start":1691786474365,"stop":1691786474369},{"name":"When  The user clicks \"Find Numbers with Even Number of Digits\" in Practice Page to check invalid code for each examples","status":"skipped","statusDetails":{"known":false,"muted":false,"flaky":false},"stage":"finished","steps":[],"attachments":[],"parameters":[],"start":1691786474374,"stop":1691786474374},{"name":"And  the user enters invalid Code from \"DataStructures\" and 2 in the Array Practice Page Textarea","status":"skipped","statusDetails":{"known":false,"muted":false,"flaky":false},"stage":"finished","steps":[],"attachments":[],"parameters":[],"start":1691786474374,"stop":1691786474376},{"name":"And  the user clicks Run button in Practice Page to check invalid code for each examples","status":"skipped","statusDetails":{"known":false,"muted":false,"flaky":false},"stage":"finished","steps":[],"attachments":[],"parameters":[],"start":1691786474376,"stop":1691786474377},{"name":"Then  the user should be presented with Run result \"SyntaxError: bad input on line 1\" in Practice Page to check invalid code for each examples","status":"skipped","statusDetails":{"known":false,"muted":false,"flaky":false},"stage":"finished","steps":[],"attachments":[],"parameters":[],"start":1691786474377,"stop":1691786474377},{"name":"When  the user clicks submit button for invalid python code in Practice page","status":"skipped","statusDetails":{"known":false,"muted":false,"flaky":false},"stage":"finished","steps":[],"attachments":[],"parameters":[],"start":1691786474378,"stop":1691786474378},{"name":"Then  the user sees the error message","status":"skipped","statusDetails":{"known":false,"muted":false,"flaky":false},"stage":"finished","steps":[],"attachments":[],"parameters":[],"start":1691786474378,"stop":1691786474379}],"attachments":[],"parameters":[{"name":"exerciselink","value":"Find Numbers with Even Number of Digits"},{"name":"sheetName","value":"DataStructures"},{"name":"RowNumber","value":"2"},{"name":"errormessage","value":"SyntaxError: bad input on line 1"}],"start":1691786474363,"stop":1691786474379}