{"uuid":"cc8a8541-89ad-4129-8d27-5db20936ec02","historyId":"e99f8f305d088832be84f5414d3793d6","fullName":"To test the Array Page: The user is in Arrays Page and run code in tryEditor page","labels":[{"name":"tag","value":"tag"},{"name":"host","value":"VidyuthHP"},{"name":"thread","value":"24644@VidyuthHP.TestNG-tests-2(32)"},{"name":"feature","value":"To test the Array Page"},{"name":"story","value":"The user is in Arrays Page and run code in tryEditor page"},{"name":"suite","value":"To test the Array Page"},{"name":"testClass","value":"The user is in Arrays Page and run code in tryEditor page"},{"name":"framework","value":"cucumber4jvm"},{"name":"language","value":"java"},{"name":"gherkin_uri","value":"file:///C:/Users/ashok/git/DS-ALGOPROJECT_MAIN/DS_ALGO_PROJECT/src/test/resources/feature/Suite2/Array.feature"},{"name":"package","value":"src.test.resources.feature.Suite2.Array_feature.To test the Array Page"}],"links":[],"name":"The user is in Arrays Page and run code in tryEditor page","status":"broken","statusDetails":{"known":false,"muted":false,"flaky":false,"message":"No value present","trace":"java.util.NoSuchElementException: No value present\r\n\tat java.base/java.util.Optional.get(Optional.java:143)\r\n\tat com.dsalgoproject.utility.CommonUtils.webclick(CommonUtils.java:73)\r\n\tat com.dsalgoproject.pageobjects.ArrayPage_PageObject.click_ArrayMenu_LinkForInvalid(ArrayPage_PageObject.java:115)\r\n\tat com.dsalgoproject.stepdefinitions.ArrayPage_StepDefinitions.the_user_clicks_in_array_data_structure_page(ArrayPage_StepDefinitions.java:77)\r\n\tat ✽.The user clicks \"Arrays in Python\" in Array DataStructure Page(file:///C:/Users/ashok/git/DS-ALGOPROJECT_MAIN/DS_ALGO_PROJECT/src/test/resources/feature/Suite2/Array.feature:48)\r\n"},"stage":"finished","steps":[{"name":"Given  The user is in Array Data Structure Page","status":"passed","statusDetails":{"known":false,"muted":false,"flaky":false},"stage":"finished","steps":[],"attachments":[],"parameters":[],"start":1691609059188,"stop":1691609059267},{"name":"When  The user clicks \"Arrays in Python\" in Array DataStructure Page","status":"broken","statusDetails":{"known":false,"muted":false,"flaky":false,"message":"No value present","trace":"java.util.NoSuchElementException: No value present\r\n\tat java.base/java.util.Optional.get(Optional.java:143)\r\n\tat com.dsalgoproject.utility.CommonUtils.webclick(CommonUtils.java:73)\r\n\tat com.dsalgoproject.pageobjects.ArrayPage_PageObject.click_ArrayMenu_LinkForInvalid(ArrayPage_PageObject.java:115)\r\n\tat com.dsalgoproject.stepdefinitions.ArrayPage_StepDefinitions.the_user_clicks_in_array_data_structure_page(ArrayPage_StepDefinitions.java:77)\r\n\tat ✽.The user clicks \"Arrays in Python\" in Array DataStructure Page(file:///C:/Users/ashok/git/DS-ALGOPROJECT_MAIN/DS_ALGO_PROJECT/src/test/resources/feature/Suite2/Array.feature:48)\r\n"},"stage":"finished","steps":[],"attachments":[],"parameters":[],"start":1691609059268,"stop":1691609059277},{"name":"And  the user clicks TryHere button and enter \"abcd\" in TryEditor Array DS Page","status":"skipped","statusDetails":{"known":false,"muted":false,"flaky":false},"stage":"finished","steps":[],"attachments":[],"parameters":[],"start":1691609059393,"stop":1691609059393},{"name":"And  and try to invalid run code in the TryEditor textarea of ArrayPage","status":"skipped","statusDetails":{"known":false,"muted":false,"flaky":false},"stage":"finished","steps":[],"attachments":[],"parameters":[],"start":1691609059394,"stop":1691609059394},{"name":"Then  the user will see the valid \"NameError: name 'abcd' is not defined on line 1\" in ArrayPage","status":"skipped","statusDetails":{"known":false,"muted":false,"flaky":false},"stage":"finished","steps":[],"attachments":[],"parameters":[],"start":1691609059394,"stop":1691609059394}],"attachments":[],"parameters":[{"name":"Arrayoption","value":"Arrays in Python"},{"name":"PythonCode","value":"abcd"},{"name":"errormessage","value":"NameError: name 'abcd' is not defined on line 1"}],"start":1691609059186,"stop":1691609059394}