{"uuid":"e34ebcc9-13aa-447e-bec9-be29df97c0b1","historyId":"b39fc5a4c98820ce27eb8404aefa53a2","fullName":"Feature file to test register: The user is presented with error message for empty fields below username textbox","labels":[{"name":"tag","value":"tag"},{"name":"host","value":"VidyuthHP"},{"name":"thread","value":"23692@VidyuthHP.TestNG-tests-1(31)"},{"name":"feature","value":"Feature file to test register"},{"name":"story","value":"The user is presented with error message for empty fields below username textbox"},{"name":"suite","value":"Feature file to test register"},{"name":"testClass","value":"The user is presented with error message for empty fields below username textbox"},{"name":"framework","value":"cucumber4jvm"},{"name":"language","value":"java"},{"name":"gherkin_uri","value":"file:///C:/Users/ashok/git/DS-ALGOPROJECT_MAIN/DS_ALGO_PROJECT/src/test/resources/feature/Suite1/Register.feature"},{"name":"package","value":"src.test.resources.feature.Suite1.Register_feature.Feature file to test register"}],"links":[],"name":"The user is presented with error message for empty fields below username textbox","status":"failed","statusDetails":{"known":false,"muted":false,"flaky":false,"message":"expected [Please fill out this field.] but found []","trace":"java.lang.AssertionError: expected [Please fill out this field.] but found []\r\n\tat org.testng.Assert.fail(Assert.java:110)\r\n\tat org.testng.Assert.failNotEquals(Assert.java:1577)\r\n\tat org.testng.Assert.assertEqualsImpl(Assert.java:149)\r\n\tat org.testng.Assert.assertEquals(Assert.java:131)\r\n\tat org.testng.Assert.assertEquals(Assert.java:655)\r\n\tat org.testng.Assert.assertEquals(Assert.java:665)\r\n\tat com.dsalgoproject.stepdefinitions.RegisterPage_StepDefinitions.it_should_display(RegisterPage_StepDefinitions.java:40)\r\n\tat ✽.It should display an error \"Please fill out this field.\"(file:///C:/Users/ashok/git/DS-ALGOPROJECT_MAIN/DS_ALGO_PROJECT/src/test/resources/feature/Suite1/Register.feature:25)\r\n"},"stage":"finished","steps":[{"name":"Given  The user opens Register page","status":"passed","statusDetails":{"known":false,"muted":false,"flaky":false},"stage":"finished","steps":[],"attachments":[],"parameters":[],"start":1691608775592,"stop":1691608776154},{"name":"When  The user clicks \"Register\" button with all fields empty","status":"passed","statusDetails":{"known":false,"muted":false,"flaky":false},"stage":"finished","steps":[],"attachments":[],"parameters":[],"start":1691608776155,"stop":1691608776265},{"name":"Then  It should display an error \"Please fill out this field.\"","status":"failed","statusDetails":{"known":false,"muted":false,"flaky":false,"message":"expected [Please fill out this field.] but found []","trace":"java.lang.AssertionError: expected [Please fill out this field.] but found []\r\n\tat org.testng.Assert.fail(Assert.java:110)\r\n\tat org.testng.Assert.failNotEquals(Assert.java:1577)\r\n\tat org.testng.Assert.assertEqualsImpl(Assert.java:149)\r\n\tat org.testng.Assert.assertEquals(Assert.java:131)\r\n\tat org.testng.Assert.assertEquals(Assert.java:655)\r\n\tat org.testng.Assert.assertEquals(Assert.java:665)\r\n\tat com.dsalgoproject.stepdefinitions.RegisterPage_StepDefinitions.it_should_display(RegisterPage_StepDefinitions.java:40)\r\n\tat ✽.It should display an error \"Please fill out this field.\"(file:///C:/Users/ashok/git/DS-ALGOPROJECT_MAIN/DS_ALGO_PROJECT/src/test/resources/feature/Suite1/Register.feature:25)\r\n"},"stage":"finished","steps":[],"attachments":[],"parameters":[],"start":1691608776267,"stop":1691608776575}],"attachments":[],"parameters":[],"start":1691608775589,"stop":1691608776741}