{"uuid":"e9bb6c02-49ee-465c-a4fa-a9a01b87e8bc","historyId":"423bb23d9b80975acda26998b437380c","fullName":"Feature file to test register: The user is presented with an error message","labels":[{"name":"tag","value":"tag"},{"name":"host","value":"VidyuthHP"},{"name":"thread","value":"6948@VidyuthHP.main(1)"},{"name":"feature","value":"Feature file to test register"},{"name":"story","value":"The user is presented with an error message"},{"name":"suite","value":"Feature file to test register"},{"name":"testClass","value":"The user is presented with an error message"},{"name":"framework","value":"cucumber4jvm"},{"name":"language","value":"java"},{"name":"gherkin_uri","value":"file:///C:/Users/ashok/git/DS-ALGOPROJECT_MAIN/DS_ALGO_PROJECT/src/test/resources/feature/01_RegisterPageFeature.feature"},{"name":"package","value":"src.test.resources.feature.01_RegisterPageFeature_feature.Feature file to test register"}],"links":[],"name":"The user is presented with an error message","status":"failed","statusDetails":{"known":false,"muted":false,"flaky":false,"message":"expected [Password cannot be commonly used password] but found [password_mismatch:The two password fields didn’t match.]","trace":"java.lang.AssertionError: expected [Password cannot be commonly used password] but found [password_mismatch:The two password fields didn’t match.]\r\n\tat org.testng.Assert.fail(Assert.java:110)\r\n\tat org.testng.Assert.failNotEquals(Assert.java:1577)\r\n\tat org.testng.Assert.assertEqualsImpl(Assert.java:149)\r\n\tat org.testng.Assert.assertEquals(Assert.java:131)\r\n\tat org.testng.Assert.assertEquals(Assert.java:655)\r\n\tat org.testng.Assert.assertEquals(Assert.java:665)\r\n\tat com.dsalgoproject.stepdefinitions.RegisterPage_StepDefinitions.the_user_should_see_the_error_message_indicating(RegisterPage_StepDefinitions.java:82)\r\n\tat ✽.the user should see the error message indicating \"Password cannot be commonly used password\"(file:///C:/Users/ashok/git/DS-ALGOPROJECT_MAIN/DS_ALGO_PROJECT/src/test/resources/feature/01_RegisterPageFeature.feature:41)\r\n"},"stage":"finished","steps":[{"name":"Given  The user opens Register page","status":"passed","statusDetails":{"known":false,"muted":false,"flaky":false},"stage":"finished","steps":[],"attachments":[],"parameters":[],"start":1692756192366,"stop":1692756192448},{"name":"When  The user enters \"kalasdet118\", \"Test@1\", and \"Test@1\"","status":"passed","statusDetails":{"known":false,"muted":false,"flaky":false},"stage":"finished","steps":[],"attachments":[],"parameters":[],"start":1692756192450,"stop":1692756192685},{"name":"And  the user clicks the register button","status":"passed","statusDetails":{"known":false,"muted":false,"flaky":false},"stage":"finished","steps":[],"attachments":[],"parameters":[],"start":1692756192687,"stop":1692756192806},{"name":"Then  the user should see the error message indicating \"Password cannot be commonly used password\"","status":"failed","statusDetails":{"known":false,"muted":false,"flaky":false,"message":"expected [Password cannot be commonly used password] but found [password_mismatch:The two password fields didn’t match.]","trace":"java.lang.AssertionError: expected [Password cannot be commonly used password] but found [password_mismatch:The two password fields didn’t match.]\r\n\tat org.testng.Assert.fail(Assert.java:110)\r\n\tat org.testng.Assert.failNotEquals(Assert.java:1577)\r\n\tat org.testng.Assert.assertEqualsImpl(Assert.java:149)\r\n\tat org.testng.Assert.assertEquals(Assert.java:131)\r\n\tat org.testng.Assert.assertEquals(Assert.java:655)\r\n\tat org.testng.Assert.assertEquals(Assert.java:665)\r\n\tat com.dsalgoproject.stepdefinitions.RegisterPage_StepDefinitions.the_user_should_see_the_error_message_indicating(RegisterPage_StepDefinitions.java:82)\r\n\tat ✽.the user should see the error message indicating \"Password cannot be commonly used password\"(file:///C:/Users/ashok/git/DS-ALGOPROJECT_MAIN/DS_ALGO_PROJECT/src/test/resources/feature/01_RegisterPageFeature.feature:41)\r\n"},"stage":"finished","steps":[],"attachments":[],"parameters":[],"start":1692756192807,"stop":1692756192838}],"attachments":[],"parameters":[{"name":"username","value":"kalasdet118"},{"name":"password","value":"Test@1"},{"name":"password1","value":"Test@1"},{"name":"errormessage","value":"Password cannot be commonly used password"}],"start":1692756192363,"stop":1692756192986}