{"uuid":"f0aee841-81f0-42d4-8e47-106a4d04e568","historyId":"7b8c413c91585ce0ef2b03fc431ce95b","fullName":"Testing the Stack Page: The user is able to navigate to Stack topic page and runs code in the tryeditor page","labels":[{"name":"tag","value":"tag"},{"name":"host","value":"VidyuthHP"},{"name":"thread","value":"11620@VidyuthHP.TestNG-test=RunFirst-2(35)"},{"name":"feature","value":"Testing the Stack Page"},{"name":"story","value":"The user is able to navigate to Stack topic page and runs code in the tryeditor page"},{"name":"suite","value":"Testing the Stack Page"},{"name":"testClass","value":"The user is able to navigate to Stack topic page and runs code in the tryeditor page"},{"name":"framework","value":"cucumber4jvm"},{"name":"language","value":"java"},{"name":"gherkin_uri","value":"file:///C:/Users/ashok/git/DS-ALGOPROJECT_MAIN/DS_ALGO_PROJECT/src/test/resources/feature/Suite2/Stach.feature"},{"name":"package","value":"src.test.resources.feature.Suite2.Stach_feature.Testing the Stack Page"}],"links":[],"name":"The user is able to navigate to Stack topic page and runs code in the tryeditor page","status":"broken","statusDetails":{"known":false,"muted":false,"flaky":false,"message":"No value present","trace":"java.util.NoSuchElementException: No value present\r\n\tat java.base/java.util.Optional.get(Optional.java:143)\r\n\tat com.dsalgoproject.utility.CommonUtils.webclick(CommonUtils.java:73)\r\n\tat com.dsalgoproject.pageobjects.StackPage_PageObject.click_StackMenu_LinkForValid(StackPage_PageObject.java:88)\r\n\tat com.dsalgoproject.stepdefinitions.StackPage_StepDefinitions.the_user_click_in_stack_data_structure_page(StackPage_StepDefinitions.java:76)\r\n\tat ✽.the user click \"Applications\" in Stack Data Structure page(file:///C:/Users/ashok/git/DS-ALGOPROJECT_MAIN/DS_ALGO_PROJECT/src/test/resources/feature/Suite2/Stach.feature:41)\r\n"},"stage":"finished","steps":[{"name":"Given  The user is present in the Stack Data Structure Page","status":"passed","statusDetails":{"known":false,"muted":false,"flaky":false},"stage":"finished","steps":[],"attachments":[],"parameters":[],"start":1691608247121,"stop":1691608247266},{"name":"When  the user click \"Applications\" in Stack Data Structure page","status":"broken","statusDetails":{"known":false,"muted":false,"flaky":false,"message":"No value present","trace":"java.util.NoSuchElementException: No value present\r\n\tat java.base/java.util.Optional.get(Optional.java:143)\r\n\tat com.dsalgoproject.utility.CommonUtils.webclick(CommonUtils.java:73)\r\n\tat com.dsalgoproject.pageobjects.StackPage_PageObject.click_StackMenu_LinkForValid(StackPage_PageObject.java:88)\r\n\tat com.dsalgoproject.stepdefinitions.StackPage_StepDefinitions.the_user_click_in_stack_data_structure_page(StackPage_StepDefinitions.java:76)\r\n\tat ✽.the user click \"Applications\" in Stack Data Structure page(file:///C:/Users/ashok/git/DS-ALGOPROJECT_MAIN/DS_ALGO_PROJECT/src/test/resources/feature/Suite2/Stach.feature:41)\r\n"},"stage":"finished","steps":[],"attachments":[],"parameters":[],"start":1691608247267,"stop":1691608247288},{"name":"And  the user enters inValid \"abcd\" for Stack","status":"skipped","statusDetails":{"known":false,"muted":false,"flaky":false},"stage":"finished","steps":[],"attachments":[],"parameters":[],"start":1691608247506,"stop":1691608247506},{"name":"And  the user clicks Run button in the tryEditor Page for the Python code for Stack module","status":"skipped","statusDetails":{"known":false,"muted":false,"flaky":false},"stage":"finished","steps":[],"attachments":[],"parameters":[],"start":1691608247506,"stop":1691608247506},{"name":"Then  the user will get the Stack module \"NameError: name 'abcd' is not defined on line 1\"","status":"skipped","statusDetails":{"known":false,"muted":false,"flaky":false},"stage":"finished","steps":[],"attachments":[],"parameters":[],"start":1691608247507,"stop":1691608247507}],"attachments":[],"parameters":[{"name":"StackoptionValue","value":"Applications"},{"name":"PythonCode","value":"abcd"},{"name":"errormessage","value":"NameError: name 'abcd' is not defined on line 1"}],"start":1691608247120,"stop":1691608247507}