<?xml version="1.0" encoding="UTF-8"?>
<!-- Generated by org.testng.reporters.JUnitReportReporter -->
<testsuite hostname="VidyuthHP" failures="7" tests="117" name="com.dsalgoproject.testrunner.Runner" time="68.467" errors="5" timestamp="2023-08-22T22:17:00 EDT" skipped="0">
  <testcase classname="com.dsalgoproject.testrunner.Runner" name="runScenario" time="1.370"/>
  <system-out/>
  <testcase classname="com.dsalgoproject.testrunner.Runner" name="runScenario" time="0.501"/>
  <system-out/>
  <testcase classname="com.dsalgoproject.testrunner.Runner" name="runScenario" time="0.535"/>
  <system-out/>
  <testcase classname="com.dsalgoproject.testrunner.Runner" name="runScenario" time="0.573"/>
  <system-out/>
  <testcase classname="com.dsalgoproject.testrunner.Runner" name="runScenario" time="0.599"/>
  <system-out/>
  <testcase classname="com.dsalgoproject.testrunner.Runner" name="runScenario" time="0.619"/>
  <system-out/>
  <testcase classname="com.dsalgoproject.testrunner.Runner" name="runScenario" time="0.543"/>
  <system-out/>
  <testcase classname="com.dsalgoproject.testrunner.Runner" name="runScenario" time="0.588"/>
  <system-out/>
  <testcase classname="com.dsalgoproject.testrunner.Runner" name="runScenario" time="0.568"/>
  <system-out/>
  <testcase classname="com.dsalgoproject.testrunner.Runner" name="runScenario" time="0.693"/>
  <system-out/>
  <testcase classname="com.dsalgoproject.testrunner.Runner" name="runScenario" time="0.573"/>
  <system-out/>
  <testcase classname="com.dsalgoproject.testrunner.Runner" name="runScenario" time="0.538"/>
  <system-out/>
  <testcase classname="com.dsalgoproject.testrunner.Runner" name="runScenario" time="2.502"/>
  <system-out/>
  <testcase classname="com.dsalgoproject.testrunner.Runner" name="runScenario" time="0.202"/>
  <system-out/>
  <testcase classname="com.dsalgoproject.testrunner.Runner" name="runScenario" time="0.481">
    <failure message="expected [Password cannot be too similar to your other personal information] but found [password_mismatch:The two password fields didn’t match.]" type="java.lang.AssertionError">
      <![CDATA[java.lang.AssertionError: expected [Password cannot be too similar to your other personal information] but found [password_mismatch:The two password fields didn’t match.]
at org.testng.Assert.fail(Assert.java:110)
at org.testng.Assert.failNotEquals(Assert.java:1577)
at org.testng.Assert.assertEqualsImpl(Assert.java:149)
at org.testng.Assert.assertEquals(Assert.java:131)
at org.testng.Assert.assertEquals(Assert.java:655)
at org.testng.Assert.assertEquals(Assert.java:665)
at com.dsalgoproject.stepdefinitions.RegisterPage_StepDefinitions.the_user_should_see_the_error_message_indicating(RegisterPage_StepDefinitions.java:82)
at ✽.the user should see the error message indicating "Password cannot be too similar to your other personal information"(file:///C:/Users/ashok/git/DS-ALGOPROJECT_MAIN/DS_ALGO_PROJECT/src/test/resources/feature/01_RegisterPageFeature.feature:41)
]]>
    </failure>
  </testcase> <!-- runScenario -->
  <system-out/>
  <testcase classname="com.dsalgoproject.testrunner.Runner" name="runScenario" time="0.548">
    <error message="unexpected alert open: {Alert text : SyntaxError: bad input on line 3}
  (Session info: chrome=116.0.5845.111): SyntaxError: bad input on line 3
Build info: version: &#039;4.10.0&#039;, revision: &#039;c14d967899&#039;
System info: os.name: &#039;Windows 11&#039;, os.arch: &#039;amd64&#039;, os.version: &#039;10.0&#039;, java.version: &#039;20.0.1&#039;
Driver info: org.openqa.selenium.chrome.ChromeDriver
Command: [15b5325866bc270b10b7485e1a18f8e8, findElement {using=id, value=output}]
Capabilities {acceptInsecureCerts: false, browserName: chrome, browserVersion: 116.0.5845.111, chrome: {chromedriverVersion: 115.0.5790.170 (cc0d30c2ca5..., userDataDir: C:\Users\ashok\AppData\Loca...}, goog:chromeOptions: {debuggerAddress: localhost:51561}, networkConnectionEnabled: false, pageLoadStrategy: normal, platformName: windows, proxy: Proxy(), se:cdp: ws://localhost:51561/devtoo..., se:cdpVersion: 116.0.5845.111, setWindowRect: true, strictFileInteractability: false, timeouts: {implicit: 0, pageLoad: 300000, script: 30000}, unhandledPromptBehavior: dismiss and notify, webauthn:extension:credBlob: true, webauthn:extension:largeBlob: true, webauthn:extension:minPinLength: true, webauthn:extension:prf: true, webauthn:virtualAuthenticators: true}
Session ID: 15b5325866bc270b10b7485e1a18f8e8" type="org.openqa.selenium.UnhandledAlertException">
      <![CDATA[org.openqa.selenium.UnhandledAlertException: unexpected alert open: {Alert text : SyntaxError: bad input on line 3}
  (Session info: chrome=116.0.5845.111): SyntaxError: bad input on line 3
Build info: version: '4.10.0', revision: 'c14d967899'
System info: os.name: 'Windows 11', os.arch: 'amd64', os.version: '10.0', java.version: '20.0.1'
Driver info: org.openqa.selenium.chrome.ChromeDriver
Command: [15b5325866bc270b10b7485e1a18f8e8, findElement {using=id, value=output}]
Capabilities {acceptInsecureCerts: false, browserName: chrome, browserVersion: 116.0.5845.111, chrome: {chromedriverVersion: 115.0.5790.170 (cc0d30c2ca5..., userDataDir: C:\Users\ashok\AppData\Loca...}, goog:chromeOptions: {debuggerAddress: localhost:51561}, networkConnectionEnabled: false, pageLoadStrategy: normal, platformName: windows, proxy: Proxy(), se:cdp: ws://localhost:51561/devtoo..., se:cdpVersion: 116.0.5845.111, setWindowRect: true, strictFileInteractability: false, timeouts: {implicit: 0, pageLoad: 300000, script: 30000}, unhandledPromptBehavior: dismiss and notify, webauthn:extension:credBlob: true, webauthn:extension:largeBlob: true, webauthn:extension:minPinLength: true, webauthn:extension:prf: true, webauthn:virtualAuthenticators: true}
Session ID: 15b5325866bc270b10b7485e1a18f8e8
at org.openqa.selenium.remote.codec.w3c.W3CHttpResponseCodec.decode(W3CHttpResponseCodec.java:130)
at org.openqa.selenium.remote.codec.w3c.W3CHttpResponseCodec.decode(W3CHttpResponseCodec.java:51)
at org.openqa.selenium.remote.HttpCommandExecutor.execute(HttpCommandExecutor.java:191)
at org.openqa.selenium.remote.service.DriverCommandExecutor.invokeExecute(DriverCommandExecutor.java:196)
at org.openqa.selenium.remote.service.DriverCommandExecutor.execute(DriverCommandExecutor.java:171)
at org.openqa.selenium.remote.RemoteWebDriver.execute(RemoteWebDriver.java:531)
at org.openqa.selenium.remote.ElementLocation$ElementFinder$2.findElement(ElementLocation.java:165)
at org.openqa.selenium.remote.ElementLocation.findElement(ElementLocation.java:59)
at org.openqa.selenium.remote.RemoteWebDriver.findElement(RemoteWebDriver.java:350)
at org.openqa.selenium.remote.RemoteWebDriver.findElement(RemoteWebDriver.java:344)
at org.openqa.selenium.support.pagefactory.DefaultElementLocator.findElement(DefaultElementLocator.java:68)
at org.openqa.selenium.support.pagefactory.internal.LocatingElementHandler.invoke(LocatingElementHandler.java:38)
at jdk.proxy2/jdk.proxy2.$Proxy42.getText(Unknown Source)
at com.dsalgoproject.pageobjects.ArrayPage_PageObject.getMeesageinPractice(ArrayPage_PageObject.java:204)
at com.dsalgoproject.stepdefinitions.ArrayPage_StepDefinitions.the_user_should_be_presented_with_run_result_in_practice_page(ArrayPage_StepDefinitions.java:128)
at ✽.the user should be presented with Run result "hello World" in Practice Page(file:///C:/Users/ashok/git/DS-ALGOPROJECT_MAIN/DS_ALGO_PROJECT/src/test/resources/feature/04_ArrayPageFeature.feature:70)
]]>
    </error>
  </testcase> <!-- runScenario -->
  <system-out/>
  <testcase classname="com.dsalgoproject.testrunner.Runner" name="runScenario" time="0.222"/>
  <system-out/>
  <testcase classname="com.dsalgoproject.testrunner.Runner" name="runScenario" time="0.548"/>
  <system-out/>
  <testcase classname="com.dsalgoproject.testrunner.Runner" name="runScenario" time="0.548"/>
  <system-out/>
  <testcase classname="com.dsalgoproject.testrunner.Runner" name="runScenario" time="0.560"/>
  <system-out/>
  <testcase classname="com.dsalgoproject.testrunner.Runner" name="runScenario" time="0.567"/>
  <system-out/>
  <testcase classname="com.dsalgoproject.testrunner.Runner" name="runScenario" time="0.210"/>
  <system-out/>
  <testcase classname="com.dsalgoproject.testrunner.Runner" name="runScenario" time="0.585"/>
  <system-out/>
  <testcase classname="com.dsalgoproject.testrunner.Runner" name="runScenario" time="0.574"/>
  <system-out/>
  <testcase classname="com.dsalgoproject.testrunner.Runner" name="runScenario" time="0.531"/>
  <system-out/>
  <testcase classname="com.dsalgoproject.testrunner.Runner" name="runScenario" time="0.596"/>
  <system-out/>
  <testcase classname="com.dsalgoproject.testrunner.Runner" name="runScenario" time="0.561"/>
  <system-out/>
  <testcase classname="com.dsalgoproject.testrunner.Runner" name="runScenario" time="0.607"/>
  <system-out/>
  <testcase classname="com.dsalgoproject.testrunner.Runner" name="runScenario" time="0.611"/>
  <system-out/>
  <testcase classname="com.dsalgoproject.testrunner.Runner" name="runScenario" time="1.302"/>
  <system-out/>
  <testcase classname="com.dsalgoproject.testrunner.Runner" name="runScenario" time="0.504"/>
  <system-out/>
  <testcase classname="com.dsalgoproject.testrunner.Runner" name="runScenario" time="0.495"/>
  <system-out/>
  <testcase classname="com.dsalgoproject.testrunner.Runner" name="runScenario" time="1.307"/>
  <system-out/>
  <testcase classname="com.dsalgoproject.testrunner.Runner" name="runScenario" time="0.430">
    <failure message="expected [Password cannot be commonly used password] but found [password_mismatch:The two password fields didn’t match.]" type="java.lang.AssertionError">
      <![CDATA[java.lang.AssertionError: expected [Password cannot be commonly used password] but found [password_mismatch:The two password fields didn’t match.]
at org.testng.Assert.fail(Assert.java:110)
at org.testng.Assert.failNotEquals(Assert.java:1577)
at org.testng.Assert.assertEqualsImpl(Assert.java:149)
at org.testng.Assert.assertEquals(Assert.java:131)
at org.testng.Assert.assertEquals(Assert.java:655)
at org.testng.Assert.assertEquals(Assert.java:665)
at com.dsalgoproject.stepdefinitions.RegisterPage_StepDefinitions.the_user_should_see_the_error_message_indicating(RegisterPage_StepDefinitions.java:82)
at ✽.the user should see the error message indicating "Password cannot be commonly used password"(file:///C:/Users/ashok/git/DS-ALGOPROJECT_MAIN/DS_ALGO_PROJECT/src/test/resources/feature/01_RegisterPageFeature.feature:41)
]]>
    </failure>
  </testcase> <!-- runScenario -->
  <system-out/>
  <testcase classname="com.dsalgoproject.testrunner.Runner" name="runScenario" time="0.546"/>
  <system-out/>
  <testcase classname="com.dsalgoproject.testrunner.Runner" name="runScenario" time="0.221"/>
  <system-out/>
  <testcase classname="com.dsalgoproject.testrunner.Runner" name="runScenario" time="0.465"/>
  <system-out/>
  <testcase classname="com.dsalgoproject.testrunner.Runner" name="runScenario" time="0.483"/>
  <system-out/>
  <testcase classname="com.dsalgoproject.testrunner.Runner" name="runScenario" time="0.645"/>
  <system-out/>
  <testcase classname="com.dsalgoproject.testrunner.Runner" name="runScenario" time="0.471">
    <failure message="expected [Username already exists] but found [password_mismatch:The two password fields didn’t match.]" type="java.lang.AssertionError">
      <![CDATA[java.lang.AssertionError: expected [Username already exists] but found [password_mismatch:The two password fields didn’t match.]
at org.testng.Assert.fail(Assert.java:110)
at org.testng.Assert.failNotEquals(Assert.java:1577)
at org.testng.Assert.assertEqualsImpl(Assert.java:149)
at org.testng.Assert.assertEquals(Assert.java:131)
at org.testng.Assert.assertEquals(Assert.java:655)
at org.testng.Assert.assertEquals(Assert.java:665)
at com.dsalgoproject.stepdefinitions.RegisterPage_StepDefinitions.the_user_should_see_the_error_message_indicating(RegisterPage_StepDefinitions.java:82)
at ✽.the user should see the error message indicating "Username already exists"(file:///C:/Users/ashok/git/DS-ALGOPROJECT_MAIN/DS_ALGO_PROJECT/src/test/resources/feature/01_RegisterPageFeature.feature:41)
]]>
    </failure>
  </testcase> <!-- runScenario -->
  <system-out/>
  <testcase classname="com.dsalgoproject.testrunner.Runner" name="runScenario" time="0.640"/>
  <system-out/>
  <testcase classname="com.dsalgoproject.testrunner.Runner" name="runScenario" time="0.534"/>
  <system-out/>
  <testcase classname="com.dsalgoproject.testrunner.Runner" name="runScenario" time="0.515"/>
  <system-out/>
  <testcase classname="com.dsalgoproject.testrunner.Runner" name="runScenario" time="0.453"/>
  <system-out/>
  <testcase classname="com.dsalgoproject.testrunner.Runner" name="runScenario" time="0.237"/>
  <system-out/>
  <testcase classname="com.dsalgoproject.testrunner.Runner" name="runScenario" time="1.315"/>
  <system-out/>
  <testcase classname="com.dsalgoproject.testrunner.Runner" name="runScenario" time="0.516">
    <error message="unexpected alert open: {Alert text : SyntaxError: bad input on line 3}
  (Session info: chrome=116.0.5845.111): SyntaxError: bad input on line 3
Build info: version: &#039;4.10.0&#039;, revision: &#039;c14d967899&#039;
System info: os.name: &#039;Windows 11&#039;, os.arch: &#039;amd64&#039;, os.version: &#039;10.0&#039;, java.version: &#039;20.0.1&#039;
Driver info: org.openqa.selenium.chrome.ChromeDriver
Command: [15b5325866bc270b10b7485e1a18f8e8, findElement {using=id, value=output}]
Capabilities {acceptInsecureCerts: false, browserName: chrome, browserVersion: 116.0.5845.111, chrome: {chromedriverVersion: 115.0.5790.170 (cc0d30c2ca5..., userDataDir: C:\Users\ashok\AppData\Loca...}, goog:chromeOptions: {debuggerAddress: localhost:51561}, networkConnectionEnabled: false, pageLoadStrategy: normal, platformName: windows, proxy: Proxy(), se:cdp: ws://localhost:51561/devtoo..., se:cdpVersion: 116.0.5845.111, setWindowRect: true, strictFileInteractability: false, timeouts: {implicit: 0, pageLoad: 300000, script: 30000}, unhandledPromptBehavior: dismiss and notify, webauthn:extension:credBlob: true, webauthn:extension:largeBlob: true, webauthn:extension:minPinLength: true, webauthn:extension:prf: true, webauthn:virtualAuthenticators: true}
Session ID: 15b5325866bc270b10b7485e1a18f8e8" type="org.openqa.selenium.UnhandledAlertException">
      <![CDATA[org.openqa.selenium.UnhandledAlertException: unexpected alert open: {Alert text : SyntaxError: bad input on line 3}
  (Session info: chrome=116.0.5845.111): SyntaxError: bad input on line 3
Build info: version: '4.10.0', revision: 'c14d967899'
System info: os.name: 'Windows 11', os.arch: 'amd64', os.version: '10.0', java.version: '20.0.1'
Driver info: org.openqa.selenium.chrome.ChromeDriver
Command: [15b5325866bc270b10b7485e1a18f8e8, findElement {using=id, value=output}]
Capabilities {acceptInsecureCerts: false, browserName: chrome, browserVersion: 116.0.5845.111, chrome: {chromedriverVersion: 115.0.5790.170 (cc0d30c2ca5..., userDataDir: C:\Users\ashok\AppData\Loca...}, goog:chromeOptions: {debuggerAddress: localhost:51561}, networkConnectionEnabled: false, pageLoadStrategy: normal, platformName: windows, proxy: Proxy(), se:cdp: ws://localhost:51561/devtoo..., se:cdpVersion: 116.0.5845.111, setWindowRect: true, strictFileInteractability: false, timeouts: {implicit: 0, pageLoad: 300000, script: 30000}, unhandledPromptBehavior: dismiss and notify, webauthn:extension:credBlob: true, webauthn:extension:largeBlob: true, webauthn:extension:minPinLength: true, webauthn:extension:prf: true, webauthn:virtualAuthenticators: true}
Session ID: 15b5325866bc270b10b7485e1a18f8e8
at org.openqa.selenium.remote.codec.w3c.W3CHttpResponseCodec.decode(W3CHttpResponseCodec.java:130)
at org.openqa.selenium.remote.codec.w3c.W3CHttpResponseCodec.decode(W3CHttpResponseCodec.java:51)
at org.openqa.selenium.remote.HttpCommandExecutor.execute(HttpCommandExecutor.java:191)
at org.openqa.selenium.remote.service.DriverCommandExecutor.invokeExecute(DriverCommandExecutor.java:196)
at org.openqa.selenium.remote.service.DriverCommandExecutor.execute(DriverCommandExecutor.java:171)
at org.openqa.selenium.remote.RemoteWebDriver.execute(RemoteWebDriver.java:531)
at org.openqa.selenium.remote.ElementLocation$ElementFinder$2.findElement(ElementLocation.java:165)
at org.openqa.selenium.remote.ElementLocation.findElement(ElementLocation.java:59)
at org.openqa.selenium.remote.RemoteWebDriver.findElement(RemoteWebDriver.java:350)
at org.openqa.selenium.remote.RemoteWebDriver.findElement(RemoteWebDriver.java:344)
at org.openqa.selenium.support.pagefactory.DefaultElementLocator.findElement(DefaultElementLocator.java:68)
at org.openqa.selenium.support.pagefactory.internal.LocatingElementHandler.invoke(LocatingElementHandler.java:38)
at jdk.proxy2/jdk.proxy2.$Proxy42.getText(Unknown Source)
at com.dsalgoproject.pageobjects.ArrayPage_PageObject.getMeesageinPractice(ArrayPage_PageObject.java:204)
at com.dsalgoproject.stepdefinitions.ArrayPage_StepDefinitions.the_user_should_be_presented_with_run_result_in_practice_page(ArrayPage_StepDefinitions.java:128)
at ✽.the user should be presented with Run result "hello World" in Practice Page(file:///C:/Users/ashok/git/DS-ALGOPROJECT_MAIN/DS_ALGO_PROJECT/src/test/resources/feature/04_ArrayPageFeature.feature:70)
]]>
    </error>
  </testcase> <!-- runScenario -->
  <system-out/>
  <testcase classname="com.dsalgoproject.testrunner.Runner" name="runScenario" time="0.353"/>
  <system-out/>
  <testcase classname="com.dsalgoproject.testrunner.Runner" name="runScenario" time="1.285"/>
  <system-out/>
  <testcase classname="com.dsalgoproject.testrunner.Runner" name="runScenario" time="0.524"/>
  <system-out/>
  <testcase classname="com.dsalgoproject.testrunner.Runner" name="runScenario" time="0.625"/>
  <system-out/>
  <testcase classname="com.dsalgoproject.testrunner.Runner" name="runScenario" time="0.399"/>
  <system-out/>
  <testcase classname="com.dsalgoproject.testrunner.Runner" name="runScenario" time="0.473">
    <failure message="expected [Password should contain at least 8 characters] but found [password_mismatch:The two password fields didn’t match.]" type="java.lang.AssertionError">
      <![CDATA[java.lang.AssertionError: expected [Password should contain at least 8 characters] but found [password_mismatch:The two password fields didn’t match.]
at org.testng.Assert.fail(Assert.java:110)
at org.testng.Assert.failNotEquals(Assert.java:1577)
at org.testng.Assert.assertEqualsImpl(Assert.java:149)
at org.testng.Assert.assertEquals(Assert.java:131)
at org.testng.Assert.assertEquals(Assert.java:655)
at org.testng.Assert.assertEquals(Assert.java:665)
at com.dsalgoproject.stepdefinitions.RegisterPage_StepDefinitions.the_user_should_see_the_error_message_indicating(RegisterPage_StepDefinitions.java:82)
at ✽.the user should see the error message indicating "Password should contain at least 8 characters"(file:///C:/Users/ashok/git/DS-ALGOPROJECT_MAIN/DS_ALGO_PROJECT/src/test/resources/feature/01_RegisterPageFeature.feature:41)
]]>
    </failure>
  </testcase> <!-- runScenario -->
  <system-out/>
  <testcase classname="com.dsalgoproject.testrunner.Runner" name="runScenario" time="0.576"/>
  <system-out/>
  <testcase classname="com.dsalgoproject.testrunner.Runner" name="runScenario" time="0.535"/>
  <system-out/>
  <testcase classname="com.dsalgoproject.testrunner.Runner" name="runScenario" time="0.607"/>
  <system-out/>
  <testcase classname="com.dsalgoproject.testrunner.Runner" name="runScenario" time="0.578"/>
  <system-out/>
  <testcase classname="com.dsalgoproject.testrunner.Runner" name="runScenario" time="0.561"/>
  <system-out/>
  <testcase classname="com.dsalgoproject.testrunner.Runner" name="runScenario" time="0.573"/>
  <system-out/>
  <testcase classname="com.dsalgoproject.testrunner.Runner" name="runScenario" time="0.471"/>
  <system-out/>
  <testcase classname="com.dsalgoproject.testrunner.Runner" name="runScenario" time="0.577"/>
  <system-out/>
  <testcase classname="com.dsalgoproject.testrunner.Runner" name="runScenario" time="0.468">
    <failure message="expected [New Account Created. You are logged in as coolcucumberteam] but found [password_mismatch:The two password fields didn’t match.]" type="java.lang.AssertionError">
      <![CDATA[java.lang.AssertionError: expected [New Account Created. You are logged in as coolcucumberteam] but found [password_mismatch:The two password fields didn’t match.]
at org.testng.Assert.fail(Assert.java:110)
at org.testng.Assert.failNotEquals(Assert.java:1577)
at org.testng.Assert.assertEqualsImpl(Assert.java:149)
at org.testng.Assert.assertEquals(Assert.java:131)
at org.testng.Assert.assertEquals(Assert.java:655)
at org.testng.Assert.assertEquals(Assert.java:665)
at com.dsalgoproject.stepdefinitions.RegisterPage_StepDefinitions.it_should_display_the_success_message(RegisterPage_StepDefinitions.java:93)
at ✽.It should display the success message "New Account Created. You are logged in as coolcucumberteam"(file:///C:/Users/ashok/git/DS-ALGOPROJECT_MAIN/DS_ALGO_PROJECT/src/test/resources/feature/01_RegisterPageFeature.feature:58)
]]>
    </failure>
  </testcase> <!-- runScenario -->
  <system-out/>
  <testcase classname="com.dsalgoproject.testrunner.Runner" name="runScenario" time="0.561">
    <error message="unexpected alert open: {Alert text : SyntaxError: bad input on line 3}
  (Session info: chrome=116.0.5845.111): SyntaxError: bad input on line 3
Build info: version: &#039;4.10.0&#039;, revision: &#039;c14d967899&#039;
System info: os.name: &#039;Windows 11&#039;, os.arch: &#039;amd64&#039;, os.version: &#039;10.0&#039;, java.version: &#039;20.0.1&#039;
Driver info: org.openqa.selenium.chrome.ChromeDriver
Command: [15b5325866bc270b10b7485e1a18f8e8, findElement {using=id, value=output}]
Capabilities {acceptInsecureCerts: false, browserName: chrome, browserVersion: 116.0.5845.111, chrome: {chromedriverVersion: 115.0.5790.170 (cc0d30c2ca5..., userDataDir: C:\Users\ashok\AppData\Loca...}, goog:chromeOptions: {debuggerAddress: localhost:51561}, networkConnectionEnabled: false, pageLoadStrategy: normal, platformName: windows, proxy: Proxy(), se:cdp: ws://localhost:51561/devtoo..., se:cdpVersion: 116.0.5845.111, setWindowRect: true, strictFileInteractability: false, timeouts: {implicit: 0, pageLoad: 300000, script: 30000}, unhandledPromptBehavior: dismiss and notify, webauthn:extension:credBlob: true, webauthn:extension:largeBlob: true, webauthn:extension:minPinLength: true, webauthn:extension:prf: true, webauthn:virtualAuthenticators: true}
Session ID: 15b5325866bc270b10b7485e1a18f8e8" type="org.openqa.selenium.UnhandledAlertException">
      <![CDATA[org.openqa.selenium.UnhandledAlertException: unexpected alert open: {Alert text : SyntaxError: bad input on line 3}
  (Session info: chrome=116.0.5845.111): SyntaxError: bad input on line 3
Build info: version: '4.10.0', revision: 'c14d967899'
System info: os.name: 'Windows 11', os.arch: 'amd64', os.version: '10.0', java.version: '20.0.1'
Driver info: org.openqa.selenium.chrome.ChromeDriver
Command: [15b5325866bc270b10b7485e1a18f8e8, findElement {using=id, value=output}]
Capabilities {acceptInsecureCerts: false, browserName: chrome, browserVersion: 116.0.5845.111, chrome: {chromedriverVersion: 115.0.5790.170 (cc0d30c2ca5..., userDataDir: C:\Users\ashok\AppData\Loca...}, goog:chromeOptions: {debuggerAddress: localhost:51561}, networkConnectionEnabled: false, pageLoadStrategy: normal, platformName: windows, proxy: Proxy(), se:cdp: ws://localhost:51561/devtoo..., se:cdpVersion: 116.0.5845.111, setWindowRect: true, strictFileInteractability: false, timeouts: {implicit: 0, pageLoad: 300000, script: 30000}, unhandledPromptBehavior: dismiss and notify, webauthn:extension:credBlob: true, webauthn:extension:largeBlob: true, webauthn:extension:minPinLength: true, webauthn:extension:prf: true, webauthn:virtualAuthenticators: true}
Session ID: 15b5325866bc270b10b7485e1a18f8e8
at org.openqa.selenium.remote.codec.w3c.W3CHttpResponseCodec.decode(W3CHttpResponseCodec.java:130)
at org.openqa.selenium.remote.codec.w3c.W3CHttpResponseCodec.decode(W3CHttpResponseCodec.java:51)
at org.openqa.selenium.remote.HttpCommandExecutor.execute(HttpCommandExecutor.java:191)
at org.openqa.selenium.remote.service.DriverCommandExecutor.invokeExecute(DriverCommandExecutor.java:196)
at org.openqa.selenium.remote.service.DriverCommandExecutor.execute(DriverCommandExecutor.java:171)
at org.openqa.selenium.remote.RemoteWebDriver.execute(RemoteWebDriver.java:531)
at org.openqa.selenium.remote.ElementLocation$ElementFinder$2.findElement(ElementLocation.java:165)
at org.openqa.selenium.remote.ElementLocation.findElement(ElementLocation.java:59)
at org.openqa.selenium.remote.RemoteWebDriver.findElement(RemoteWebDriver.java:350)
at org.openqa.selenium.remote.RemoteWebDriver.findElement(RemoteWebDriver.java:344)
at org.openqa.selenium.support.pagefactory.DefaultElementLocator.findElement(DefaultElementLocator.java:68)
at org.openqa.selenium.support.pagefactory.internal.LocatingElementHandler.invoke(LocatingElementHandler.java:38)
at jdk.proxy2/jdk.proxy2.$Proxy42.getText(Unknown Source)
at com.dsalgoproject.pageobjects.ArrayPage_PageObject.getMeesageinPractice(ArrayPage_PageObject.java:204)
at com.dsalgoproject.stepdefinitions.ArrayPage_StepDefinitions.the_user_should_be_presented_with_run_result_in_practice_page(ArrayPage_StepDefinitions.java:128)
at ✽.the user should be presented with Run result "hello World" in Practice Page(file:///C:/Users/ashok/git/DS-ALGOPROJECT_MAIN/DS_ALGO_PROJECT/src/test/resources/feature/04_ArrayPageFeature.feature:70)
]]>
    </error>
  </testcase> <!-- runScenario -->
  <system-out/>
  <testcase classname="com.dsalgoproject.testrunner.Runner" name="runScenario" time="0.599"/>
  <system-out/>
  <testcase classname="com.dsalgoproject.testrunner.Runner" name="runScenario" time="0.481"/>
  <system-out/>
  <testcase classname="com.dsalgoproject.testrunner.Runner" name="runScenario" time="0.156"/>
  <system-out/>
  <testcase classname="com.dsalgoproject.testrunner.Runner" name="runScenario" time="0.524"/>
  <system-out/>
  <testcase classname="com.dsalgoproject.testrunner.Runner" name="runScenario" time="0.467">
    <failure message="expected [Password cannot be entirely numeric] but found [password_mismatch:The two password fields didn’t match.]" type="java.lang.AssertionError">
      <![CDATA[java.lang.AssertionError: expected [Password cannot be entirely numeric] but found [password_mismatch:The two password fields didn’t match.]
at org.testng.Assert.fail(Assert.java:110)
at org.testng.Assert.failNotEquals(Assert.java:1577)
at org.testng.Assert.assertEqualsImpl(Assert.java:149)
at org.testng.Assert.assertEquals(Assert.java:131)
at org.testng.Assert.assertEquals(Assert.java:655)
at org.testng.Assert.assertEquals(Assert.java:665)
at com.dsalgoproject.stepdefinitions.RegisterPage_StepDefinitions.the_user_should_see_the_error_message_indicating(RegisterPage_StepDefinitions.java:82)
at ✽.the user should see the error message indicating "Password cannot be entirely numeric"(file:///C:/Users/ashok/git/DS-ALGOPROJECT_MAIN/DS_ALGO_PROJECT/src/test/resources/feature/01_RegisterPageFeature.feature:41)
]]>
    </failure>
  </testcase> <!-- runScenario -->
  <system-out/>
  <testcase classname="com.dsalgoproject.testrunner.Runner" name="runScenario" time="1.271"/>
  <system-out/>
  <testcase classname="com.dsalgoproject.testrunner.Runner" name="runScenario" time="0.210"/>
  <system-out/>
  <testcase classname="com.dsalgoproject.testrunner.Runner" name="runScenario" time="0.524"/>
  <system-out/>
  <testcase classname="com.dsalgoproject.testrunner.Runner" name="runScenario" time="0.572"/>
  <system-out/>
  <testcase classname="com.dsalgoproject.testrunner.Runner" name="runScenario" time="0.464">
    <failure message="expected [Please enter valid username] but found [password_mismatch:The two password fields didn’t match.]" type="java.lang.AssertionError">
      <![CDATA[java.lang.AssertionError: expected [Please enter valid username] but found [password_mismatch:The two password fields didn’t match.]
at org.testng.Assert.fail(Assert.java:110)
at org.testng.Assert.failNotEquals(Assert.java:1577)
at org.testng.Assert.assertEqualsImpl(Assert.java:149)
at org.testng.Assert.assertEquals(Assert.java:131)
at org.testng.Assert.assertEquals(Assert.java:655)
at org.testng.Assert.assertEquals(Assert.java:665)
at com.dsalgoproject.stepdefinitions.RegisterPage_StepDefinitions.the_user_should_see_the_error_message_indicating(RegisterPage_StepDefinitions.java:82)
at ✽.the user should see the error message indicating "Please enter valid username"(file:///C:/Users/ashok/git/DS-ALGOPROJECT_MAIN/DS_ALGO_PROJECT/src/test/resources/feature/01_RegisterPageFeature.feature:41)
]]>
    </failure>
  </testcase> <!-- runScenario -->
  <system-out/>
  <testcase classname="com.dsalgoproject.testrunner.Runner" name="runScenario" time="1.312"/>
  <system-out/>
  <testcase classname="com.dsalgoproject.testrunner.Runner" name="runScenario" time="0.596"/>
  <system-out/>
  <testcase classname="com.dsalgoproject.testrunner.Runner" name="runScenario" time="0.599"/>
  <system-out/>
  <testcase classname="com.dsalgoproject.testrunner.Runner" name="runScenario" time="0.583"/>
  <system-out/>
  <testcase classname="com.dsalgoproject.testrunner.Runner" name="runScenario" time="0.318"/>
  <system-out/>
  <testcase classname="com.dsalgoproject.testrunner.Runner" name="runScenario" time="0.554"/>
  <system-out/>
  <testcase classname="com.dsalgoproject.testrunner.Runner" name="runScenario" time="0.216"/>
  <system-out/>
  <testcase classname="com.dsalgoproject.testrunner.Runner" name="runScenario" time="0.569"/>
  <system-out/>
  <testcase classname="com.dsalgoproject.testrunner.Runner" name="runScenario" time="0.206"/>
  <system-out/>
  <testcase classname="com.dsalgoproject.testrunner.Runner" name="runScenario" time="0.324"/>
  <system-out/>
  <testcase classname="com.dsalgoproject.testrunner.Runner" name="runScenario" time="0.569"/>
  <system-out/>
  <testcase classname="com.dsalgoproject.testrunner.Runner" name="runScenario" time="0.585"/>
  <system-out/>
  <testcase classname="com.dsalgoproject.testrunner.Runner" name="runScenario" time="0.677"/>
  <system-out/>
  <testcase classname="com.dsalgoproject.testrunner.Runner" name="runScenario" time="0.529"/>
  <system-out/>
  <testcase classname="com.dsalgoproject.testrunner.Runner" name="runScenario" time="1.275"/>
  <system-out/>
  <testcase classname="com.dsalgoproject.testrunner.Runner" name="runScenario" time="0.211"/>
  <system-out/>
  <testcase classname="com.dsalgoproject.testrunner.Runner" name="runScenario" time="0.534"/>
  <system-out/>
  <testcase classname="com.dsalgoproject.testrunner.Runner" name="runScenario" time="0.538"/>
  <system-out/>
  <testcase classname="com.dsalgoproject.testrunner.Runner" name="runScenario" time="0.615"/>
  <system-out/>
  <testcase classname="com.dsalgoproject.testrunner.Runner" name="runScenario" time="0.255"/>
  <system-out/>
  <testcase classname="com.dsalgoproject.testrunner.Runner" name="runScenario" time="1.289"/>
  <system-out/>
  <testcase classname="com.dsalgoproject.testrunner.Runner" name="runScenario" time="0.564"/>
  <system-out/>
  <testcase classname="com.dsalgoproject.testrunner.Runner" name="runScenario" time="0.470">
    <error message="element not interactable
  (Session info: chrome=116.0.5845.111)
Build info: version: &#039;4.10.0&#039;, revision: &#039;c14d967899&#039;
System info: os.name: &#039;Windows 11&#039;, os.arch: &#039;amd64&#039;, os.version: &#039;10.0&#039;, java.version: &#039;20.0.1&#039;
Driver info: org.openqa.selenium.chrome.ChromeDriver
Command: [15b5325866bc270b10b7485e1a18f8e8, sendKeysToElement {id=BD08CD044F04D3A80FB1BCC2D39A05D9_element_1241, value=[Ljava.lang.CharSequence;@2357f000}]
Capabilities {acceptInsecureCerts: false, browserName: chrome, browserVersion: 116.0.5845.111, chrome: {chromedriverVersion: 115.0.5790.170 (cc0d30c2ca5..., userDataDir: C:\Users\ashok\AppData\Loca...}, goog:chromeOptions: {debuggerAddress: localhost:51561}, networkConnectionEnabled: false, pageLoadStrategy: normal, platformName: windows, proxy: Proxy(), se:cdp: ws://localhost:51561/devtoo..., se:cdpVersion: 116.0.5845.111, setWindowRect: true, strictFileInteractability: false, timeouts: {implicit: 0, pageLoad: 300000, script: 30000}, unhandledPromptBehavior: dismiss and notify, webauthn:extension:credBlob: true, webauthn:extension:largeBlob: true, webauthn:extension:minPinLength: true, webauthn:extension:prf: true, webauthn:virtualAuthenticators: true}
Element: [[ChromeDriver: chrome on windows (15b5325866bc270b10b7485e1a18f8e8)] -&gt; xpath: //form[@id=&#039;answer_form&#039;]/div/div/div/textarea]
Session ID: 15b5325866bc270b10b7485e1a18f8e8" type="org.openqa.selenium.ElementNotInteractableException">
      <![CDATA[org.openqa.selenium.ElementNotInteractableException: element not interactable
  (Session info: chrome=116.0.5845.111)
Build info: version: '4.10.0', revision: 'c14d967899'
System info: os.name: 'Windows 11', os.arch: 'amd64', os.version: '10.0', java.version: '20.0.1'
Driver info: org.openqa.selenium.chrome.ChromeDriver
Command: [15b5325866bc270b10b7485e1a18f8e8, sendKeysToElement {id=BD08CD044F04D3A80FB1BCC2D39A05D9_element_1241, value=[Ljava.lang.CharSequence;@2357f000}]
Capabilities {acceptInsecureCerts: false, browserName: chrome, browserVersion: 116.0.5845.111, chrome: {chromedriverVersion: 115.0.5790.170 (cc0d30c2ca5..., userDataDir: C:\Users\ashok\AppData\Loca...}, goog:chromeOptions: {debuggerAddress: localhost:51561}, networkConnectionEnabled: false, pageLoadStrategy: normal, platformName: windows, proxy: Proxy(), se:cdp: ws://localhost:51561/devtoo..., se:cdpVersion: 116.0.5845.111, setWindowRect: true, strictFileInteractability: false, timeouts: {implicit: 0, pageLoad: 300000, script: 30000}, unhandledPromptBehavior: dismiss and notify, webauthn:extension:credBlob: true, webauthn:extension:largeBlob: true, webauthn:extension:minPinLength: true, webauthn:extension:prf: true, webauthn:virtualAuthenticators: true}
Element: [[ChromeDriver: chrome on windows (15b5325866bc270b10b7485e1a18f8e8)] -> xpath: //form[@id='answer_form']/div/div/div/textarea]
Session ID: 15b5325866bc270b10b7485e1a18f8e8
at java.base/jdk.internal.reflect.DirectConstructorHandleAccessor.newInstance(DirectConstructorHandleAccessor.java:67)
at java.base/java.lang.reflect.Constructor.newInstanceWithCaller(Constructor.java:500)
at java.base/java.lang.reflect.Constructor.newInstance(Constructor.java:484)
at org.openqa.selenium.remote.codec.w3c.W3CHttpResponseCodec.createException(W3CHttpResponseCodec.java:199)
at org.openqa.selenium.remote.codec.w3c.W3CHttpResponseCodec.decode(W3CHttpResponseCodec.java:132)
at org.openqa.selenium.remote.codec.w3c.W3CHttpResponseCodec.decode(W3CHttpResponseCodec.java:51)
at org.openqa.selenium.remote.HttpCommandExecutor.execute(HttpCommandExecutor.java:191)
at org.openqa.selenium.remote.service.DriverCommandExecutor.invokeExecute(DriverCommandExecutor.java:196)
at org.openqa.selenium.remote.service.DriverCommandExecutor.execute(DriverCommandExecutor.java:171)
at org.openqa.selenium.remote.RemoteWebDriver.execute(RemoteWebDriver.java:531)
at org.openqa.selenium.remote.RemoteWebElement.execute(RemoteWebElement.java:242)
at org.openqa.selenium.remote.RemoteWebElement.sendKeys(RemoteWebElement.java:111)
at java.base/jdk.internal.reflect.DirectMethodHandleAccessor.invoke(DirectMethodHandleAccessor.java:104)
at java.base/java.lang.reflect.Method.invoke(Method.java:578)
at org.openqa.selenium.support.pagefactory.internal.LocatingElementHandler.invoke(LocatingElementHandler.java:51)
at jdk.proxy2/jdk.proxy2.$Proxy42.sendKeys(Unknown Source)
at com.dsalgoproject.pageobjects.TreePage_PageObject.send_PythonCode_inTree(TreePage_PageObject.java:83)
at com.dsalgoproject.stepdefinitions.TreePage_StepDefintions.clicks_try_here_button_and_enter_valid_in_try_editor_from_tree_ds_page(TreePage_StepDefintions.java:58)
at ✽.clicks Try Here button and enter valid "print('Hello, World!')" in TryEditor from Tree DS Page(file:///C:/Users/ashok/git/DS-ALGOPROJECT_MAIN/DS_ALGO_PROJECT/src/test/resources/feature/08_TreePageFeature.feature:29)
]]>
    </error>
  </testcase> <!-- runScenario -->
  <system-out/>
  <testcase classname="com.dsalgoproject.testrunner.Runner" name="runScenario" time="0.496"/>
  <system-out/>
  <testcase classname="com.dsalgoproject.testrunner.Runner" name="runScenario" time="0.570"/>
  <system-out/>
  <testcase classname="com.dsalgoproject.testrunner.Runner" name="runScenario" time="0.222"/>
  <system-out/>
  <testcase classname="com.dsalgoproject.testrunner.Runner" name="runScenario" time="0.245"/>
  <system-out/>
  <testcase classname="com.dsalgoproject.testrunner.Runner" name="runScenario" time="0.356"/>
  <system-out/>
  <testcase classname="com.dsalgoproject.testrunner.Runner" name="runScenario" time="0.202"/>
  <system-out/>
  <testcase classname="com.dsalgoproject.testrunner.Runner" name="runScenario" time="0.182"/>
  <system-out/>
  <testcase classname="com.dsalgoproject.testrunner.Runner" name="runScenario" time="0.537"/>
  <system-out/>
  <testcase classname="com.dsalgoproject.testrunner.Runner" name="runScenario" time="0.576"/>
  <system-out/>
  <testcase classname="com.dsalgoproject.testrunner.Runner" name="runScenario" time="0.209"/>
  <system-out/>
  <testcase classname="com.dsalgoproject.testrunner.Runner" name="runScenario" time="1.293"/>
  <system-out/>
  <testcase classname="com.dsalgoproject.testrunner.Runner" name="runScenario" time="0.140"/>
  <system-out/>
  <testcase classname="com.dsalgoproject.testrunner.Runner" name="runScenario" time="0.602">
    <error message="unexpected alert open: {Alert text : SyntaxError: bad input on line 3}
  (Session info: chrome=116.0.5845.111): SyntaxError: bad input on line 3
Build info: version: &#039;4.10.0&#039;, revision: &#039;c14d967899&#039;
System info: os.name: &#039;Windows 11&#039;, os.arch: &#039;amd64&#039;, os.version: &#039;10.0&#039;, java.version: &#039;20.0.1&#039;
Driver info: org.openqa.selenium.chrome.ChromeDriver
Command: [15b5325866bc270b10b7485e1a18f8e8, findElement {using=id, value=output}]
Capabilities {acceptInsecureCerts: false, browserName: chrome, browserVersion: 116.0.5845.111, chrome: {chromedriverVersion: 115.0.5790.170 (cc0d30c2ca5..., userDataDir: C:\Users\ashok\AppData\Loca...}, goog:chromeOptions: {debuggerAddress: localhost:51561}, networkConnectionEnabled: false, pageLoadStrategy: normal, platformName: windows, proxy: Proxy(), se:cdp: ws://localhost:51561/devtoo..., se:cdpVersion: 116.0.5845.111, setWindowRect: true, strictFileInteractability: false, timeouts: {implicit: 0, pageLoad: 300000, script: 30000}, unhandledPromptBehavior: dismiss and notify, webauthn:extension:credBlob: true, webauthn:extension:largeBlob: true, webauthn:extension:minPinLength: true, webauthn:extension:prf: true, webauthn:virtualAuthenticators: true}
Session ID: 15b5325866bc270b10b7485e1a18f8e8" type="org.openqa.selenium.UnhandledAlertException">
      <![CDATA[org.openqa.selenium.UnhandledAlertException: unexpected alert open: {Alert text : SyntaxError: bad input on line 3}
  (Session info: chrome=116.0.5845.111): SyntaxError: bad input on line 3
Build info: version: '4.10.0', revision: 'c14d967899'
System info: os.name: 'Windows 11', os.arch: 'amd64', os.version: '10.0', java.version: '20.0.1'
Driver info: org.openqa.selenium.chrome.ChromeDriver
Command: [15b5325866bc270b10b7485e1a18f8e8, findElement {using=id, value=output}]
Capabilities {acceptInsecureCerts: false, browserName: chrome, browserVersion: 116.0.5845.111, chrome: {chromedriverVersion: 115.0.5790.170 (cc0d30c2ca5..., userDataDir: C:\Users\ashok\AppData\Loca...}, goog:chromeOptions: {debuggerAddress: localhost:51561}, networkConnectionEnabled: false, pageLoadStrategy: normal, platformName: windows, proxy: Proxy(), se:cdp: ws://localhost:51561/devtoo..., se:cdpVersion: 116.0.5845.111, setWindowRect: true, strictFileInteractability: false, timeouts: {implicit: 0, pageLoad: 300000, script: 30000}, unhandledPromptBehavior: dismiss and notify, webauthn:extension:credBlob: true, webauthn:extension:largeBlob: true, webauthn:extension:minPinLength: true, webauthn:extension:prf: true, webauthn:virtualAuthenticators: true}
Session ID: 15b5325866bc270b10b7485e1a18f8e8
at org.openqa.selenium.remote.codec.w3c.W3CHttpResponseCodec.decode(W3CHttpResponseCodec.java:130)
at org.openqa.selenium.remote.codec.w3c.W3CHttpResponseCodec.decode(W3CHttpResponseCodec.java:51)
at org.openqa.selenium.remote.HttpCommandExecutor.execute(HttpCommandExecutor.java:191)
at org.openqa.selenium.remote.service.DriverCommandExecutor.invokeExecute(DriverCommandExecutor.java:196)
at org.openqa.selenium.remote.service.DriverCommandExecutor.execute(DriverCommandExecutor.java:171)
at org.openqa.selenium.remote.RemoteWebDriver.execute(RemoteWebDriver.java:531)
at org.openqa.selenium.remote.ElementLocation$ElementFinder$2.findElement(ElementLocation.java:165)
at org.openqa.selenium.remote.ElementLocation.findElement(ElementLocation.java:59)
at org.openqa.selenium.remote.RemoteWebDriver.findElement(RemoteWebDriver.java:350)
at org.openqa.selenium.remote.RemoteWebDriver.findElement(RemoteWebDriver.java:344)
at org.openqa.selenium.support.pagefactory.DefaultElementLocator.findElement(DefaultElementLocator.java:68)
at org.openqa.selenium.support.pagefactory.internal.LocatingElementHandler.invoke(LocatingElementHandler.java:38)
at jdk.proxy2/jdk.proxy2.$Proxy42.getText(Unknown Source)
at com.dsalgoproject.pageobjects.ArrayPage_PageObject.getMeesageinPractice(ArrayPage_PageObject.java:204)
at com.dsalgoproject.stepdefinitions.ArrayPage_StepDefinitions.the_user_should_be_presented_with_run_result_in_practice_page(ArrayPage_StepDefinitions.java:128)
at ✽.the user should be presented with Run result "hello World" in Practice Page(file:///C:/Users/ashok/git/DS-ALGOPROJECT_MAIN/DS_ALGO_PROJECT/src/test/resources/feature/04_ArrayPageFeature.feature:70)
]]>
    </error>
  </testcase> <!-- runScenario -->
  <system-out/>
  <testcase classname="com.dsalgoproject.testrunner.Runner" name="runScenario" time="0.549"/>
  <system-out/>
  <testcase classname="com.dsalgoproject.testrunner.Runner" name="runScenario" time="0.602"/>
  <system-out/>
  <testcase classname="com.dsalgoproject.testrunner.Runner" name="runScenario" time="1.229"/>
  <system-out/>
  <testcase classname="com.dsalgoproject.testrunner.Runner" name="runScenario" time="0.512"/>
  <system-out/>
  <testcase classname="com.dsalgoproject.testrunner.Runner" name="runScenario" time="1.273"/>
  <system-out/>
  <testcase classname="com.dsalgoproject.testrunner.Runner" name="runScenario" time="0.529"/>
  <system-out/>
  <testcase classname="com.dsalgoproject.testrunner.Runner" name="runScenario" time="0.530"/>
  <system-out/>
  <testcase classname="com.dsalgoproject.testrunner.Runner" name="runScenario" time="0.559"/>
  <system-out/>
</testsuite> <!-- com.dsalgoproject.testrunner.Runner -->
